[01m[K/ros2_for_begginers/ros2_ws/src/my_cpp_pkg/src/my_first_node.cpp:[m[K In constructor â€˜[01m[KMyNode::[01;32m[KMyNode[m[K()[m[Kâ€™:
[01m[K/ros2_for_begginers/ros2_ws/src/my_cpp_pkg/src/my_first_node.cpp:9:9:[m[K [01;31m[Kerror: [m[Kâ€˜[01m[Ktimer[m[Kâ€™ was not declared in this scope; did you mean â€˜[01m[Ktimer_[m[Kâ€™?
    9 |         [01;31m[Ktimer[m[K = this->create_wall_timer(std::chrono::seconds(1),
      |         [01;31m[K^~~~~[m[K
      |         [32m[Ktimer_[m[K
In file included from [01m[K/opt/ros/jazzy/include/rclcpp/rclcpp/copy_all_parameter_values.hpp:27[m[K,
                 from [01m[K/opt/ros/jazzy/include/rclcpp/rclcpp/rclcpp.hpp:171[m[K,
                 from [01m[K/ros2_for_begginers/ros2_ws/src/my_cpp_pkg/src/my_first_node.cpp:1[m[K:
[01m[K/ros2_for_begginers/ros2_ws/src/my_cpp_pkg/src/my_first_node.cpp:[m[K In member function â€˜[01m[Kvoid MyNode::[01;32m[KtimerCallback[m[K()[m[Kâ€™:
[01m[K/ros2_for_begginers/ros2_ws/src/my_cpp_pkg/src/my_first_node.cpp:15:21:[m[K [01;31m[Kerror: [m[Kâ€˜[01m[Kthi[m[Kâ€™ was not declared in this scope; did you mean â€˜[01m[Kthis[m[Kâ€™?
   15 |         RCLCPP_INFO([01;31m[Kthi[m[K->get_logger(), "Hello %d", counter_);
      |                     [01;31m[K^~~[m[K
[01m[K/ros2_for_begginers/ros2_ws/src/my_cpp_pkg/src/my_first_node.cpp:15:9:[m[K [01;31m[Kerror: [m[Ktemplate argument 1 is invalid
   15 |         [01;31m[KRCLCPP_INFO[m[K(thi->get_logger(), "Hello %d", counter_);
      |         [01;31m[K^~~~~~~~~~~[m[K
gmake[2]: *** [CMakeFiles/cpp_node.dir/build.make:76: CMakeFiles/cpp_node.dir/src/my_first_node.cpp.o] Error 1
gmake[1]: *** [CMakeFiles/Makefile2:137: CMakeFiles/cpp_node.dir/all] Error 2
gmake: *** [Makefile:146: all] Error 2
