[0.000000] (-) TimerEvent: {}
[0.000266] (-) JobUnselected: {'identifier': 'my_py_pkg'}
[0.000359] (my_cpp_pkg) JobQueued: {'identifier': 'my_cpp_pkg', 'dependencies': OrderedDict()}
[0.000424] (my_cpp_pkg) JobStarted: {'identifier': 'my_cpp_pkg'}
[0.005799] (my_cpp_pkg) JobProgress: {'identifier': 'my_cpp_pkg', 'progress': 'cmake'}
[0.006333] (my_cpp_pkg) JobProgress: {'identifier': 'my_cpp_pkg', 'progress': 'build'}
[0.006392] (my_cpp_pkg) Command: {'cmd': ['/usr/bin/cmake', '--build', '/ros2_for_begginers/ros2_ws/build/my_cpp_pkg', '--', '-j20', '-l20'], 'cwd': '/ros2_for_begginers/ros2_ws/build/my_cpp_pkg', 'env': OrderedDict({'PYTHON_BASIC_REPL': '1', 'HOSTNAME': 'chibamo', 'GIT_ASKPASS': '/home/ubuntu/.vscode-server/bin/7d842fb85a0275a4a8e4d7e040d2625abbf7f084/extensions/git/dist/askpass.sh', 'SHLVL': '2', 'LD_LIBRARY_PATH': '/opt/ros/jazzy/opt/rviz_ogre_vendor/lib:/opt/ros/jazzy/lib/x86_64-linux-gnu:/opt/ros/jazzy/opt/gz_math_vendor/lib:/opt/ros/jazzy/opt/gz_utils_vendor/lib:/opt/ros/jazzy/opt/gz_cmake_vendor/lib:/opt/ros/jazzy/lib', 'BROWSER': '/home/ubuntu/.vscode-server/bin/7d842fb85a0275a4a8e4d7e040d2625abbf7f084/bin/helpers/browser.sh', 'HOME': '/home/ubuntu', 'OLDPWD': '/ros2_for_begginers', 'TERM_PROGRAM_VERSION': '1.105.1', 'VSCODE_IPC_HOOK_CLI': '/run/user/1000/vscode-ipc-51090dc9-565d-4e42-a4f1-efa379c72917.sock', 'ROS_PYTHON_VERSION': '3', 'VSCODE_GIT_ASKPASS_MAIN': '/home/ubuntu/.vscode-server/bin/7d842fb85a0275a4a8e4d7e040d2625abbf7f084/extensions/git/dist/askpass-main.js', 'VSCODE_GIT_ASKPASS_NODE': '/home/ubuntu/.vscode-server/bin/7d842fb85a0275a4a8e4d7e040d2625abbf7f084/node', 'PYDEVD_DISABLE_FILE_VALIDATION': '1', 'BUNDLED_DEBUGPY_PATH': '/home/ubuntu/.vscode-server/extensions/ms-python.debugpy-2025.16.0-linux-x64/bundled/libs/debugpy', 'VSCODE_PYTHON_AUTOACTIVATE_GUARD': '1', 'COLORTERM': 'truecolor', 'REMOTE_CONTAINERS': 'true', 'WAYLAND_DISPLAY': '', 'COLCON_PREFIX_PATH': '/ros2_for_begginers/ros2_ws/install', 'ROS_DISTRO': 'jazzy', 'REMOTE_CONTAINERS_IPC': '/tmp/vscode-remote-containers-ipc-c7c5179c-de0c-4467-a800-a63c6217a921.sock', 'UV_LINK_MODE': 'copy', '_': '/usr/bin/colcon', 'ROS_VERSION': '2', 'TERM': 'xterm-256color', 'QT_X11_NO_MITSHM': '1', 'PATH': '/home/ubuntu/.vscode-server/bin/7d842fb85a0275a4a8e4d7e040d2625abbf7f084/bin/remote-cli:/opt/ros/jazzy/bin:/usr/local/sbin:/usr/local/bin:/usr/sbin:/usr/bin:/sbin:/bin:/home/ubuntu/.vscode-server/extensions/ms-python.debugpy-2025.16.0-linux-x64/bundled/scripts/noConfigScripts', 'XDG_RUNTIME_DIR': '/run/user/1000', 'REMOTE_CONTAINERS_SOCKETS': '["/tmp/vscode-ssh-auth-c7c5179c-de0c-4467-a800-a63c6217a921.sock","/home/ubuntu/.gnupg/S.gpg-agent"]', 'DISPLAY': ':1', 'VSCODE_DEBUGPY_ADAPTER_ENDPOINTS': '/home/ubuntu/.vscode-server/extensions/ms-python.debugpy-2025.16.0-linux-x64/.noConfigDebugAdapterEndpoints/endpoint-31136ba8361fbfb5.txt', 'LANG': 'C.UTF-8', 'PYTHONSTARTUP': '/home/ubuntu/.vscode-server/data/User/workspaceStorage/4533b544767c8f42ded59a6c96d144ce/ms-python.python/pythonrc.py', 'LS_COLORS': 'rs=0:di=01;34:ln=01;36:mh=00:pi=40;33:so=01;35:do=01;35:bd=40;33;01:cd=40;33;01:or=40;31;01:mi=00:su=37;41:sg=30;43:ca=00:tw=30;42:ow=34;42:st=37;44:ex=01;32:*.tar=01;31:*.tgz=01;31:*.arc=01;31:*.arj=01;31:*.taz=01;31:*.lha=01;31:*.lz4=01;31:*.lzh=01;31:*.lzma=01;31:*.tlz=01;31:*.txz=01;31:*.tzo=01;31:*.t7z=01;31:*.zip=01;31:*.z=01;31:*.dz=01;31:*.gz=01;31:*.lrz=01;31:*.lz=01;31:*.lzo=01;31:*.xz=01;31:*.zst=01;31:*.tzst=01;31:*.bz2=01;31:*.bz=01;31:*.tbz=01;31:*.tbz2=01;31:*.tz=01;31:*.deb=01;31:*.rpm=01;31:*.jar=01;31:*.war=01;31:*.ear=01;31:*.sar=01;31:*.rar=01;31:*.alz=01;31:*.ace=01;31:*.zoo=01;31:*.cpio=01;31:*.7z=01;31:*.rz=01;31:*.cab=01;31:*.wim=01;31:*.swm=01;31:*.dwm=01;31:*.esd=01;31:*.avif=01;35:*.jpg=01;35:*.jpeg=01;35:*.mjpg=01;35:*.mjpeg=01;35:*.gif=01;35:*.bmp=01;35:*.pbm=01;35:*.pgm=01;35:*.ppm=01;35:*.tga=01;35:*.xbm=01;35:*.xpm=01;35:*.tif=01;35:*.tiff=01;35:*.png=01;35:*.svg=01;35:*.svgz=01;35:*.mng=01;35:*.pcx=01;35:*.mov=01;35:*.mpg=01;35:*.mpeg=01;35:*.m2v=01;35:*.mkv=01;35:*.webm=01;35:*.webp=01;35:*.ogm=01;35:*.mp4=01;35:*.m4v=01;35:*.mp4v=01;35:*.vob=01;35:*.qt=01;35:*.nuv=01;35:*.wmv=01;35:*.asf=01;35:*.rm=01;35:*.rmvb=01;35:*.flc=01;35:*.avi=01;35:*.fli=01;35:*.flv=01;35:*.gl=01;35:*.dl=01;35:*.xcf=01;35:*.xwd=01;35:*.yuv=01;35:*.cgm=01;35:*.emf=01;35:*.ogv=01;35:*.ogx=01;35:*.aac=00;36:*.au=00;36:*.flac=00;36:*.m4a=00;36:*.mid=00;36:*.midi=00;36:*.mka=00;36:*.mp3=00;36:*.mpc=00;36:*.ogg=00;36:*.ra=00;36:*.wav=00;36:*.oga=00;36:*.opus=00;36:*.spx=00;36:*.xspf=00;36:*~=00;90:*#=00;90:*.bak=00;90:*.crdownload=00;90:*.dpkg-dist=00;90:*.dpkg-new=00;90:*.dpkg-old=00;90:*.dpkg-tmp=00;90:*.old=00;90:*.orig=00;90:*.part=00;90:*.rej=00;90:*.rpmnew=00;90:*.rpmorig=00;90:*.rpmsave=00;90:*.swp=00;90:*.tmp=00;90:*.ucf-dist=00;90:*.ucf-new=00;90:*.ucf-old=00;90:', 'VSCODE_GIT_IPC_HANDLE': '/run/user/1000/vscode-git-802054f821.sock', 'TERM_PROGRAM': 'vscode', 'SSH_AUTH_SOCK': '/tmp/vscode-ssh-auth-c7c5179c-de0c-4467-a800-a63c6217a921.sock', 'AMENT_PREFIX_PATH': '/ros2_for_begginers/ros2_ws/install/my_py_pkg:/ros2_for_begginers/ros2_ws/install/my_cpp_pkg:/opt/ros/jazzy', 'SHELL': '/bin/bash', 'ROS_AUTOMATIC_DISCOVERY_RANGE': 'SUBNET', 'VSCODE_GIT_ASKPASS_EXTRA_ARGS': '', 'PWD': '/ros2_for_begginers/ros2_ws/build/my_cpp_pkg', 'LC_ALL': 'C.UTF-8', 'PYTHONPATH': '/ros2_for_begginers/ros2_ws/install/my_py_pkg/lib/python3.12/site-packages:/opt/ros/jazzy/lib/python3.12/site-packages', 'UV_SYSTEM_PYTHON': 'true', 'COLCON': '1', 'CMAKE_PREFIX_PATH': '/ros2_for_begginers/ros2_ws/install/my_cpp_pkg:/opt/ros/jazzy/opt/gz_math_vendor:/opt/ros/jazzy/opt/gz_utils_vendor:/opt/ros/jazzy/opt/gz_cmake_vendor:/ros2_for_begginers/ros2_ws/install/my_py_pkg:/opt/ros/jazzy'}), 'shell': False}
[0.046975] (my_cpp_pkg) StdoutLine: {'line': b'[ 50%] \x1b[32mBuilding CXX object CMakeFiles/cpp_node.dir/src/my_first_node.cpp.o\x1b[0m\n'}
[0.099423] (-) TimerEvent: {}
[0.199824] (-) TimerEvent: {}
[0.300215] (-) TimerEvent: {}
[0.400721] (-) TimerEvent: {}
[0.501208] (-) TimerEvent: {}
[0.601692] (-) TimerEvent: {}
[0.702151] (-) TimerEvent: {}
[0.802488] (-) TimerEvent: {}
[0.902776] (-) TimerEvent: {}
[1.003025] (-) TimerEvent: {}
[1.015900] (my_cpp_pkg) StderrLine: {'line': b'\x1b[01m\x1b[K/ros2_for_begginers/ros2_ws/src/my_cpp_pkg/src/my_first_node.cpp:\x1b[m\x1b[K In constructor \xe2\x80\x98\x1b[01m\x1b[KMyNode::\x1b[01;32m\x1b[KMyNode\x1b[m\x1b[K()\x1b[m\x1b[K\xe2\x80\x99:\n'}
[1.016168] (my_cpp_pkg) StderrLine: {'line': b'\x1b[01m\x1b[K/ros2_for_begginers/ros2_ws/src/my_cpp_pkg/src/my_first_node.cpp:9:9:\x1b[m\x1b[K \x1b[01;31m\x1b[Kerror: \x1b[m\x1b[K\xe2\x80\x98\x1b[01m\x1b[Ktimer\x1b[m\x1b[K\xe2\x80\x99 was not declared in this scope; did you mean \xe2\x80\x98\x1b[01m\x1b[Ktimer_\x1b[m\x1b[K\xe2\x80\x99?\n'}
[1.016270] (my_cpp_pkg) StderrLine: {'line': b'    9 |         \x1b[01;31m\x1b[Ktimer\x1b[m\x1b[K = this->create_wall_timer(std::chrono::seconds(1),\n'}
[1.016358] (my_cpp_pkg) StderrLine: {'line': b'      |         \x1b[01;31m\x1b[K^~~~~\x1b[m\x1b[K\n'}
[1.016442] (my_cpp_pkg) StderrLine: {'line': b'      |         \x1b[32m\x1b[Ktimer_\x1b[m\x1b[K\n'}
[1.022358] (my_cpp_pkg) StderrLine: {'line': b'In file included from \x1b[01m\x1b[K/opt/ros/jazzy/include/rclcpp/rclcpp/copy_all_parameter_values.hpp:27\x1b[m\x1b[K,\n'}
[1.022493] (my_cpp_pkg) StderrLine: {'line': b'                 from \x1b[01m\x1b[K/opt/ros/jazzy/include/rclcpp/rclcpp/rclcpp.hpp:171\x1b[m\x1b[K,\n'}
[1.022536] (my_cpp_pkg) StderrLine: {'line': b'                 from \x1b[01m\x1b[K/ros2_for_begginers/ros2_ws/src/my_cpp_pkg/src/my_first_node.cpp:1\x1b[m\x1b[K:\n'}
[1.022575] (my_cpp_pkg) StderrLine: {'line': b'\x1b[01m\x1b[K/ros2_for_begginers/ros2_ws/src/my_cpp_pkg/src/my_first_node.cpp:\x1b[m\x1b[K In member function \xe2\x80\x98\x1b[01m\x1b[Kvoid MyNode::\x1b[01;32m\x1b[KtimerCallback\x1b[m\x1b[K()\x1b[m\x1b[K\xe2\x80\x99:\n'}
[1.022613] (my_cpp_pkg) StderrLine: {'line': b'\x1b[01m\x1b[K/ros2_for_begginers/ros2_ws/src/my_cpp_pkg/src/my_first_node.cpp:15:21:\x1b[m\x1b[K \x1b[01;31m\x1b[Kerror: \x1b[m\x1b[K\xe2\x80\x98\x1b[01m\x1b[Kthi\x1b[m\x1b[K\xe2\x80\x99 was not declared in this scope; did you mean \xe2\x80\x98\x1b[01m\x1b[Kthis\x1b[m\x1b[K\xe2\x80\x99?\n'}
[1.022665] (my_cpp_pkg) StderrLine: {'line': b'   15 |         RCLCPP_INFO(\x1b[01;31m\x1b[Kthi\x1b[m\x1b[K->get_logger(), "Hello %d", counter_);\n'}
[1.022701] (my_cpp_pkg) StderrLine: {'line': b'      |                     \x1b[01;31m\x1b[K^~~\x1b[m\x1b[K\n'}
[1.022736] (my_cpp_pkg) StderrLine: {'line': b'\x1b[01m\x1b[K/ros2_for_begginers/ros2_ws/src/my_cpp_pkg/src/my_first_node.cpp:15:9:\x1b[m\x1b[K \x1b[01;31m\x1b[Kerror: \x1b[m\x1b[Ktemplate argument 1 is invalid\n'}
[1.022772] (my_cpp_pkg) StderrLine: {'line': b'   15 |         \x1b[01;31m\x1b[KRCLCPP_INFO\x1b[m\x1b[K(thi->get_logger(), "Hello %d", counter_);\n'}
[1.022812] (my_cpp_pkg) StderrLine: {'line': b'      |         \x1b[01;31m\x1b[K^~~~~~~~~~~\x1b[m\x1b[K\n'}
[1.025080] (my_cpp_pkg) StderrLine: {'line': b'\x1b[01m\x1b[K/ros2_for_begginers/ros2_ws/src/my_cpp_pkg/src/my_first_node.cpp:16:9:\x1b[m\x1b[K \x1b[01;31m\x1b[Kerror: \x1b[m\x1b[K\xe2\x80\x98\x1b[01m\x1b[Kcounter\x1b[m\x1b[K\xe2\x80\x99 was not declared in this scope; did you mean \xe2\x80\x98\x1b[01m\x1b[Kcounter_\x1b[m\x1b[K\xe2\x80\x99?\n'}
[1.025168] (my_cpp_pkg) StderrLine: {'line': b'   16 |         \x1b[01;31m\x1b[Kcounter\x1b[m\x1b[K ++;\n'}
[1.025209] (my_cpp_pkg) StderrLine: {'line': b'      |         \x1b[01;31m\x1b[K^~~~~~~\x1b[m\x1b[K\n'}
[1.025245] (my_cpp_pkg) StderrLine: {'line': b'      |         \x1b[32m\x1b[Kcounter_\x1b[m\x1b[K\n'}
[1.103159] (-) TimerEvent: {}
[1.203569] (-) TimerEvent: {}
[1.303848] (-) TimerEvent: {}
[1.324199] (my_cpp_pkg) StderrLine: {'line': b'gmake[2]: *** [CMakeFiles/cpp_node.dir/build.make:76: CMakeFiles/cpp_node.dir/src/my_first_node.cpp.o] Error 1\n'}
[1.324434] (my_cpp_pkg) StderrLine: {'line': b'gmake[1]: *** [CMakeFiles/Makefile2:137: CMakeFiles/cpp_node.dir/all] Error 2\n'}
[1.324644] (my_cpp_pkg) StderrLine: {'line': b'gmake: *** [Makefile:146: all] Error 2\n'}
[1.327617] (my_cpp_pkg) CommandEnded: {'returncode': 2}
[1.337008] (my_cpp_pkg) JobEnded: {'identifier': 'my_cpp_pkg', 'rc': 2}
[1.347351] (-) EventReactorShutdown: {}
